Arguments: 
  /usr/local/Cellar/node/10.6.0/bin/node /Users/mm/.yarn/bin/yarn.js add react react-dom next

PATH: 
  /usr/local/bin:/usr/bin:/bin:/usr/sbin:/sbin:/usr/local/go/bin:/Users/mm/dev/google-cloud-sdk/bin:/Users/mm/dev/gows/bin:/Users/mm/.composer/vendor/bin:/Users/mm/.yarn/bin:/Users/mm/.config/yarn/global/node_modules/.bin:/Users/mm/dev/gows/bin:/Users/mm/.composer/vendor/bin:/Users/mm/.yarn/bin:/Users/mm/.config/yarn/global/node_modules/.bin

Yarn version: 
  1.10.1

Node version: 
  10.6.0

Platform: 
  darwin x64

Trace: 
  SyntaxError: /Users/mm/dev/www.mayer.pub/package.json: Unexpected token } in JSON at position 173
      at JSON.parse (<anonymous>)
      at /Users/mm/.yarn/lib/cli.js:1136:59
      at Generator.next (<anonymous>)
      at step (/Users/mm/.yarn/lib/cli.js:98:30)
      at /Users/mm/.yarn/lib/cli.js:109:13

npm manifest: 
  {
    "name": "www.mayer.pub",
    "version": "1.0.0",
    "description": "",
    "main": "index.js",
  
    "scripts": {
      "test": "echo \"Error: no test specified\" && exit 1"
    },
  }

yarn manifest: 
  No manifest

Lockfile: 
  No lockfile
